2013-01-18 22:23:36,363 - Velocimacro : Default library not found.
2013-01-18 22:23:36,363 - Velocimacro : allowInline = true : VMs can be defined inline in templates
2013-01-18 22:23:36,363 - Velocimacro : allowInlineToOverride = false : VMs defined inline may NOT replace previous VM definitions
2013-01-18 22:23:36,363 - Velocimacro : allowInlineLocal = false : VMs defined inline will be global in scope if allowed.
2013-01-18 22:23:36,363 - Velocimacro : autoload off : VM system will not automatically reload global library macros
2013-01-18 22:23:36,375 - ResourceManager : found templates/report_frame.vm with loader org.apache.velocity.runtime.resource.loader.ClasspathResourceLoader
2013-01-18 22:36:12,661 - Log4JLogChute initialized using file 'velocity.log'
2013-01-18 22:36:12,661 - Starting Apache Velocity v1.5 (compiled: 2007-02-22 08:52:29)
2013-01-18 22:36:12,661 - Default Properties File: org/apache/velocity/runtime/defaults/velocity.properties
2013-01-18 22:36:12,661 - Trying to use logger class org.apache.velocity.runtime.log.AvalonLogChute
2013-01-18 22:36:12,662 - Couldn't find class org.apache.velocity.runtime.log.AvalonLogChute or necessary supporting classes in classpath.
java.lang.NoClassDefFoundError: org/apache/log/format/Formatter
	at java.lang.Class.forName0(Native Method)
	at java.lang.Class.forName(Class.java:264)
	at org.apache.velocity.util.ClassUtils.getClass(ClassUtils.java:63)
	at org.apache.velocity.util.ClassUtils.getNewInstance(ClassUtils.java:95)
	at org.apache.velocity.runtime.log.LogManager.createLogChute(LogManager.java:147)
	at org.apache.velocity.runtime.log.LogManager.updateLog(LogManager.java:208)
	at org.apache.velocity.runtime.RuntimeInstance.initializeLog(RuntimeInstance.java:728)
	at org.apache.velocity.runtime.RuntimeInstance.init(RuntimeInstance.java:240)
	at org.apache.velocity.runtime.RuntimeInstance.init(RuntimeInstance.java:534)
	at org.apache.velocity.app.VelocityEngine.init(VelocityEngine.java:144)
	at com.technophobia.substeps.report.DefaultExecutionReportBuilder.renderAndWriteToFile(DefaultExecutionReportBuilder.java:267)
	at com.technophobia.substeps.report.DefaultExecutionReportBuilder.buildMainReport(DefaultExecutionReportBuilder.java:254)
	at com.technophobia.substeps.report.DefaultExecutionReportBuilder.buildReport(DefaultExecutionReportBuilder.java:130)
	at com.technophobia.substeps.runner.SubstepsRunnerMojo.processBuildData(SubstepsRunnerMojo.java:230)
	at com.technophobia.substeps.runner.SubstepsRunnerMojo.execute(SubstepsRunnerMojo.java:157)
	at org.apache.maven.plugin.DefaultBuildPluginManager.executeMojo(DefaultBuildPluginManager.java:101)
	at org.apache.maven.lifecycle.internal.MojoExecutor.execute(MojoExecutor.java:209)
	at org.apache.maven.lifecycle.internal.MojoExecutor.execute(MojoExecutor.java:153)
	at org.apache.maven.lifecycle.internal.MojoExecutor.execute(MojoExecutor.java:145)
	at org.apache.maven.lifecycle.internal.LifecycleModuleBuilder.buildProject(LifecycleModuleBuilder.java:84)
	at org.apache.maven.lifecycle.internal.LifecycleModuleBuilder.buildProject(LifecycleModuleBuilder.java:59)
	at org.apache.maven.lifecycle.internal.LifecycleStarter.singleThreadedBuild(LifecycleStarter.java:183)
	at org.apache.maven.lifecycle.internal.LifecycleStarter.execute(LifecycleStarter.java:161)
	at org.apache.maven.DefaultMaven.doExecute(DefaultMaven.java:320)
	at org.apache.maven.DefaultMaven.execute(DefaultMaven.java:156)
	at org.apache.maven.cli.MavenCli.execute(MavenCli.java:537)
	at org.apache.maven.cli.MavenCli.doMain(MavenCli.java:196)
	at org.apache.maven.cli.MavenCli.main(MavenCli.java:141)
	at sun.reflect.NativeMethodAccessorImpl.invoke0(Native Method)
	at sun.reflect.NativeMethodAccessorImpl.invoke(NativeMethodAccessorImpl.java:57)
	at sun.reflect.DelegatingMethodAccessorImpl.invoke(DelegatingMethodAccessorImpl.java:43)
	at java.lang.reflect.Method.invoke(Method.java:601)
	at org.codehaus.plexus.classworlds.launcher.Launcher.launchEnhanced(Launcher.java:290)
	at org.codehaus.plexus.classworlds.launcher.Launcher.launch(Launcher.java:230)
	at org.codehaus.plexus.classworlds.launcher.Launcher.mainWithExitCode(Launcher.java:409)
	at org.codehaus.plexus.classworlds.launcher.Launcher.main(Launcher.java:352)
Caused by: java.lang.ClassNotFoundException: org.apache.log.format.Formatter
	at org.codehaus.plexus.classworlds.strategy.SelfFirstStrategy.loadClass(SelfFirstStrategy.java:50)
	at org.codehaus.plexus.classworlds.realm.ClassRealm.loadClass(ClassRealm.java:244)
	at org.codehaus.plexus.classworlds.realm.ClassRealm.loadClass(ClassRealm.java:230)
	... 36 more
2013-01-18 22:36:12,663 - Trying to use logger class org.apache.velocity.runtime.log.Log4JLogChute
2013-01-18 22:36:12,663 - Using logger class org.apache.velocity.runtime.log.Log4JLogChute
2013-01-18 22:36:12,664 - Default ResourceManager initializing. (class org.apache.velocity.runtime.resource.ResourceManagerImpl)
2013-01-18 22:36:12,666 - ResourceLoader instantiated: org.apache.velocity.runtime.resource.loader.ClasspathResourceLoader
2013-01-18 22:36:12,675 - ResourceCache: initialized (class org.apache.velocity.runtime.resource.ResourceCacheImpl)
2013-01-18 22:36:12,675 - Loaded System Directive: org.apache.velocity.runtime.directive.Literal
2013-01-18 22:36:12,676 - Loaded System Directive: org.apache.velocity.runtime.directive.Macro
2013-01-18 22:36:12,677 - Loaded System Directive: org.apache.velocity.runtime.directive.Parse
2013-01-18 22:36:12,678 - Loaded System Directive: org.apache.velocity.runtime.directive.Include
2013-01-18 22:36:12,678 - Loaded System Directive: org.apache.velocity.runtime.directive.Foreach
2013-01-18 22:36:12,695 - Created '20' parsers.
2013-01-18 22:36:12,699 - Velocimacro : "velocimacro.library" is not set.  Trying default library: VM_global_library.vm
2013-01-18 22:36:12,700 - Velocimacro : Default library not found.
2013-01-18 22:36:12,700 - Velocimacro : allowInline = true : VMs can be defined inline in templates
2013-01-18 22:36:12,700 - Velocimacro : allowInlineToOverride = false : VMs defined inline may NOT replace previous VM definitions
2013-01-18 22:36:12,700 - Velocimacro : allowInlineLocal = false : VMs defined inline will be global in scope if allowed.
2013-01-18 22:36:12,700 - Velocimacro : autoload off : VM system will not automatically reload global library macros
2013-01-18 22:36:12,711 - ResourceManager : found templates/report_frame.vm with loader org.apache.velocity.runtime.resource.loader.ClasspathResourceLoader
2013-01-18 22:45:07,479 - Log4JLogChute initialized using file 'velocity.log'
2013-01-18 22:45:07,479 - Starting Apache Velocity v1.5 (compiled: 2007-02-22 08:52:29)
2013-01-18 22:45:07,479 - Default Properties File: org/apache/velocity/runtime/defaults/velocity.properties
2013-01-18 22:45:07,480 - Trying to use logger class org.apache.velocity.runtime.log.AvalonLogChute
2013-01-18 22:45:07,480 - Couldn't find class org.apache.velocity.runtime.log.AvalonLogChute or necessary supporting classes in classpath.
java.lang.NoClassDefFoundError: org/apache/log/format/Formatter
	at java.lang.Class.forName0(Native Method)
	at java.lang.Class.forName(Class.java:264)
	at org.apache.velocity.util.ClassUtils.getClass(ClassUtils.java:63)
	at org.apache.velocity.util.ClassUtils.getNewInstance(ClassUtils.java:95)
	at org.apache.velocity.runtime.log.LogManager.createLogChute(LogManager.java:147)
	at org.apache.velocity.runtime.log.LogManager.updateLog(LogManager.java:208)
	at org.apache.velocity.runtime.RuntimeInstance.initializeLog(RuntimeInstance.java:728)
	at org.apache.velocity.runtime.RuntimeInstance.init(RuntimeInstance.java:240)
	at org.apache.velocity.runtime.RuntimeInstance.init(RuntimeInstance.java:534)
	at org.apache.velocity.app.VelocityEngine.init(VelocityEngine.java:144)
	at com.technophobia.substeps.report.DefaultExecutionReportBuilder.renderAndWriteToFile(DefaultExecutionReportBuilder.java:267)
	at com.technophobia.substeps.report.DefaultExecutionReportBuilder.buildMainReport(DefaultExecutionReportBuilder.java:254)
	at com.technophobia.substeps.report.DefaultExecutionReportBuilder.buildReport(DefaultExecutionReportBuilder.java:130)
	at com.technophobia.substeps.runner.SubstepsRunnerMojo.processBuildData(SubstepsRunnerMojo.java:230)
	at com.technophobia.substeps.runner.SubstepsRunnerMojo.execute(SubstepsRunnerMojo.java:157)
	at org.apache.maven.plugin.DefaultBuildPluginManager.executeMojo(DefaultBuildPluginManager.java:101)
	at org.apache.maven.lifecycle.internal.MojoExecutor.execute(MojoExecutor.java:209)
	at org.apache.maven.lifecycle.internal.MojoExecutor.execute(MojoExecutor.java:153)
	at org.apache.maven.lifecycle.internal.MojoExecutor.execute(MojoExecutor.java:145)
	at org.apache.maven.lifecycle.internal.LifecycleModuleBuilder.buildProject(LifecycleModuleBuilder.java:84)
	at org.apache.maven.lifecycle.internal.LifecycleModuleBuilder.buildProject(LifecycleModuleBuilder.java:59)
	at org.apache.maven.lifecycle.internal.LifecycleStarter.singleThreadedBuild(LifecycleStarter.java:183)
	at org.apache.maven.lifecycle.internal.LifecycleStarter.execute(LifecycleStarter.java:161)
	at org.apache.maven.DefaultMaven.doExecute(DefaultMaven.java:320)
	at org.apache.maven.DefaultMaven.execute(DefaultMaven.java:156)
	at org.apache.maven.cli.MavenCli.execute(MavenCli.java:537)
	at org.apache.maven.cli.MavenCli.doMain(MavenCli.java:196)
	at org.apache.maven.cli.MavenCli.main(MavenCli.java:141)
	at sun.reflect.NativeMethodAccessorImpl.invoke0(Native Method)
	at sun.reflect.NativeMethodAccessorImpl.invoke(NativeMethodAccessorImpl.java:57)
	at sun.reflect.DelegatingMethodAccessorImpl.invoke(DelegatingMethodAccessorImpl.java:43)
	at java.lang.reflect.Method.invoke(Method.java:601)
	at org.codehaus.plexus.classworlds.launcher.Launcher.launchEnhanced(Launcher.java:290)
	at org.codehaus.plexus.classworlds.launcher.Launcher.launch(Launcher.java:230)
	at org.codehaus.plexus.classworlds.launcher.Launcher.mainWithExitCode(Launcher.java:409)
	at org.codehaus.plexus.classworlds.launcher.Launcher.main(Launcher.java:352)
Caused by: java.lang.ClassNotFoundException: org.apache.log.format.Formatter
	at org.codehaus.plexus.classworlds.strategy.SelfFirstStrategy.loadClass(SelfFirstStrategy.java:50)
	at org.codehaus.plexus.classworlds.realm.ClassRealm.loadClass(ClassRealm.java:244)
	at org.codehaus.plexus.classworlds.realm.ClassRealm.loadClass(ClassRealm.java:230)
	... 36 more
2013-01-18 22:45:07,481 - Trying to use logger class org.apache.velocity.runtime.log.Log4JLogChute
2013-01-18 22:45:07,481 - Using logger class org.apache.velocity.runtime.log.Log4JLogChute
2013-01-18 22:45:07,482 - Default ResourceManager initializing. (class org.apache.velocity.runtime.resource.ResourceManagerImpl)
2013-01-18 22:45:07,484 - ResourceLoader instantiated: org.apache.velocity.runtime.resource.loader.ClasspathResourceLoader
2013-01-18 22:45:07,492 - ResourceCache: initialized (class org.apache.velocity.runtime.resource.ResourceCacheImpl)
2013-01-18 22:45:07,493 - Loaded System Directive: org.apache.velocity.runtime.directive.Literal
2013-01-18 22:45:07,494 - Loaded System Directive: org.apache.velocity.runtime.directive.Macro
2013-01-18 22:45:07,495 - Loaded System Directive: org.apache.velocity.runtime.directive.Parse
2013-01-18 22:45:07,495 - Loaded System Directive: org.apache.velocity.runtime.directive.Include
2013-01-18 22:45:07,496 - Loaded System Directive: org.apache.velocity.runtime.directive.Foreach
2013-01-18 22:45:07,513 - Created '20' parsers.
2013-01-18 22:45:07,517 - Velocimacro : "velocimacro.library" is not set.  Trying default library: VM_global_library.vm
2013-01-18 22:45:07,518 - Velocimacro : Default library not found.
2013-01-18 22:45:07,518 - Velocimacro : allowInline = true : VMs can be defined inline in templates
2013-01-18 22:45:07,518 - Velocimacro : allowInlineToOverride = false : VMs defined inline may NOT replace previous VM definitions
2013-01-18 22:45:07,518 - Velocimacro : allowInlineLocal = false : VMs defined inline will be global in scope if allowed.
2013-01-18 22:45:07,518 - Velocimacro : autoload off : VM system will not automatically reload global library macros
2013-01-18 22:45:07,529 - ResourceManager : found templates/report_frame.vm with loader org.apache.velocity.runtime.resource.loader.ClasspathResourceLoader
2013-01-18 23:17:07,043 - Log4JLogChute initialized using file 'velocity.log'
2013-01-18 23:17:07,065 - Starting Apache Velocity v1.5 (compiled: 2007-02-22 08:52:29)
2013-01-18 23:17:07,065 - Default Properties File: org/apache/velocity/runtime/defaults/velocity.properties
2013-01-18 23:17:07,065 - Trying to use logger class org.apache.velocity.runtime.log.AvalonLogChute
2013-01-18 23:17:07,066 - Couldn't find class org.apache.velocity.runtime.log.AvalonLogChute or necessary supporting classes in classpath.
java.lang.NoClassDefFoundError: org/apache/log/format/Formatter
	at java.lang.Class.forName0(Native Method)
	at java.lang.Class.forName(Class.java:264)
	at org.apache.velocity.util.ClassUtils.getClass(ClassUtils.java:63)
	at org.apache.velocity.util.ClassUtils.getNewInstance(ClassUtils.java:95)
	at org.apache.velocity.runtime.log.LogManager.createLogChute(LogManager.java:147)
	at org.apache.velocity.runtime.log.LogManager.updateLog(LogManager.java:208)
	at org.apache.velocity.runtime.RuntimeInstance.initializeLog(RuntimeInstance.java:728)
	at org.apache.velocity.runtime.RuntimeInstance.init(RuntimeInstance.java:240)
	at org.apache.velocity.runtime.RuntimeInstance.init(RuntimeInstance.java:534)
	at org.apache.velocity.app.VelocityEngine.init(VelocityEngine.java:144)
	at com.technophobia.substeps.report.DefaultExecutionReportBuilder.renderAndWriteToFile(DefaultExecutionReportBuilder.java:267)
	at com.technophobia.substeps.report.DefaultExecutionReportBuilder.buildMainReport(DefaultExecutionReportBuilder.java:254)
	at com.technophobia.substeps.report.DefaultExecutionReportBuilder.buildReport(DefaultExecutionReportBuilder.java:130)
	at com.technophobia.substeps.runner.SubstepsRunnerMojo.processBuildData(SubstepsRunnerMojo.java:230)
	at com.technophobia.substeps.runner.SubstepsRunnerMojo.execute(SubstepsRunnerMojo.java:157)
	at org.apache.maven.plugin.DefaultBuildPluginManager.executeMojo(DefaultBuildPluginManager.java:101)
	at org.apache.maven.lifecycle.internal.MojoExecutor.execute(MojoExecutor.java:209)
	at org.apache.maven.lifecycle.internal.MojoExecutor.execute(MojoExecutor.java:153)
	at org.apache.maven.lifecycle.internal.MojoExecutor.execute(MojoExecutor.java:145)
	at org.apache.maven.lifecycle.internal.LifecycleModuleBuilder.buildProject(LifecycleModuleBuilder.java:84)
	at org.apache.maven.lifecycle.internal.LifecycleModuleBuilder.buildProject(LifecycleModuleBuilder.java:59)
	at org.apache.maven.lifecycle.internal.LifecycleStarter.singleThreadedBuild(LifecycleStarter.java:183)
	at org.apache.maven.lifecycle.internal.LifecycleStarter.execute(LifecycleStarter.java:161)
	at org.apache.maven.DefaultMaven.doExecute(DefaultMaven.java:320)
	at org.apache.maven.DefaultMaven.execute(DefaultMaven.java:156)
	at org.apache.maven.cli.MavenCli.execute(MavenCli.java:537)
	at org.apache.maven.cli.MavenCli.doMain(MavenCli.java:196)
	at org.apache.maven.cli.MavenCli.main(MavenCli.java:141)
	at sun.reflect.NativeMethodAccessorImpl.invoke0(Native Method)
	at sun.reflect.NativeMethodAccessorImpl.invoke(NativeMethodAccessorImpl.java:57)
	at sun.reflect.DelegatingMethodAccessorImpl.invoke(DelegatingMethodAccessorImpl.java:43)
	at java.lang.reflect.Method.invoke(Method.java:601)
	at org.codehaus.plexus.classworlds.launcher.Launcher.launchEnhanced(Launcher.java:290)
	at org.codehaus.plexus.classworlds.launcher.Launcher.launch(Launcher.java:230)
	at org.codehaus.plexus.classworlds.launcher.Launcher.mainWithExitCode(Launcher.java:409)
	at org.codehaus.plexus.classworlds.launcher.Launcher.main(Launcher.java:352)
Caused by: java.lang.ClassNotFoundException: org.apache.log.format.Formatter
	at org.codehaus.plexus.classworlds.strategy.SelfFirstStrategy.loadClass(SelfFirstStrategy.java:50)
	at org.codehaus.plexus.classworlds.realm.ClassRealm.loadClass(ClassRealm.java:244)
	at org.codehaus.plexus.classworlds.realm.ClassRealm.loadClass(ClassRealm.java:230)
	... 36 more
2013-01-18 23:17:07,067 - Trying to use logger class org.apache.velocity.runtime.log.Log4JLogChute
2013-01-18 23:17:07,067 - Using logger class org.apache.velocity.runtime.log.Log4JLogChute
2013-01-18 23:17:07,068 - Default ResourceManager initializing. (class org.apache.velocity.runtime.resource.ResourceManagerImpl)
2013-01-18 23:17:07,070 - ResourceLoader instantiated: org.apache.velocity.runtime.resource.loader.ClasspathResourceLoader
2013-01-18 23:17:07,101 - ResourceCache: initialized (class org.apache.velocity.runtime.resource.ResourceCacheImpl)
2013-01-18 23:17:07,101 - Loaded System Directive: org.apache.velocity.runtime.directive.Literal
2013-01-18 23:17:07,102 - Loaded System Directive: org.apache.velocity.runtime.directive.Macro
2013-01-18 23:17:07,103 - Loaded System Directive: org.apache.velocity.runtime.directive.Parse
2013-01-18 23:17:07,104 - Loaded System Directive: org.apache.velocity.runtime.directive.Include
2013-01-18 23:17:07,104 - Loaded System Directive: org.apache.velocity.runtime.directive.Foreach
2013-01-18 23:17:07,121 - Created '20' parsers.
2013-01-18 23:17:07,125 - Velocimacro : "velocimacro.library" is not set.  Trying default library: VM_global_library.vm
2013-01-18 23:17:07,126 - Velocimacro : Default library not found.
2013-01-18 23:17:07,126 - Velocimacro : allowInline = true : VMs can be defined inline in templates
2013-01-18 23:17:07,126 - Velocimacro : allowInlineToOverride = false : VMs defined inline may NOT replace previous VM definitions
2013-01-18 23:17:07,126 - Velocimacro : allowInlineLocal = false : VMs defined inline will be global in scope if allowed.
2013-01-18 23:17:07,126 - Velocimacro : autoload off : VM system will not automatically reload global library macros
2013-01-18 23:17:07,136 - ResourceManager : found templates/report_frame.vm with loader org.apache.velocity.runtime.resource.loader.ClasspathResourceLoader
2013-01-18 23:22:52,792 - Log4JLogChute initialized using file 'velocity.log'
2013-01-18 23:22:52,812 - Starting Apache Velocity v1.5 (compiled: 2007-02-22 08:52:29)
2013-01-18 23:22:52,812 - Default Properties File: org/apache/velocity/runtime/defaults/velocity.properties
2013-01-18 23:22:52,812 - Trying to use logger class org.apache.velocity.runtime.log.AvalonLogChute
2013-01-18 23:22:52,812 - Couldn't find class org.apache.velocity.runtime.log.AvalonLogChute or necessary supporting classes in classpath.
java.lang.NoClassDefFoundError: org/apache/log/format/Formatter
	at java.lang.Class.forName0(Native Method)
	at java.lang.Class.forName(Class.java:264)
	at org.apache.velocity.util.ClassUtils.getClass(ClassUtils.java:63)
	at org.apache.velocity.util.ClassUtils.getNewInstance(ClassUtils.java:95)
	at org.apache.velocity.runtime.log.LogManager.createLogChute(LogManager.java:147)
	at org.apache.velocity.runtime.log.LogManager.updateLog(LogManager.java:208)
	at org.apache.velocity.runtime.RuntimeInstance.initializeLog(RuntimeInstance.java:728)
	at org.apache.velocity.runtime.RuntimeInstance.init(RuntimeInstance.java:240)
	at org.apache.velocity.runtime.RuntimeInstance.init(RuntimeInstance.java:534)
	at org.apache.velocity.app.VelocityEngine.init(VelocityEngine.java:144)
	at com.technophobia.substeps.report.DefaultExecutionReportBuilder.renderAndWriteToFile(DefaultExecutionReportBuilder.java:267)
	at com.technophobia.substeps.report.DefaultExecutionReportBuilder.buildMainReport(DefaultExecutionReportBuilder.java:254)
	at com.technophobia.substeps.report.DefaultExecutionReportBuilder.buildReport(DefaultExecutionReportBuilder.java:130)
	at com.technophobia.substeps.runner.SubstepsRunnerMojo.processBuildData(SubstepsRunnerMojo.java:230)
	at com.technophobia.substeps.runner.SubstepsRunnerMojo.execute(SubstepsRunnerMojo.java:157)
	at org.apache.maven.plugin.DefaultBuildPluginManager.executeMojo(DefaultBuildPluginManager.java:101)
	at org.apache.maven.lifecycle.internal.MojoExecutor.execute(MojoExecutor.java:209)
	at org.apache.maven.lifecycle.internal.MojoExecutor.execute(MojoExecutor.java:153)
	at org.apache.maven.lifecycle.internal.MojoExecutor.execute(MojoExecutor.java:145)
	at org.apache.maven.lifecycle.internal.LifecycleModuleBuilder.buildProject(LifecycleModuleBuilder.java:84)
	at org.apache.maven.lifecycle.internal.LifecycleModuleBuilder.buildProject(LifecycleModuleBuilder.java:59)
	at org.apache.maven.lifecycle.internal.LifecycleStarter.singleThreadedBuild(LifecycleStarter.java:183)
	at org.apache.maven.lifecycle.internal.LifecycleStarter.execute(LifecycleStarter.java:161)
	at org.apache.maven.DefaultMaven.doExecute(DefaultMaven.java:320)
	at org.apache.maven.DefaultMaven.execute(DefaultMaven.java:156)
	at org.apache.maven.cli.MavenCli.execute(MavenCli.java:537)
	at org.apache.maven.cli.MavenCli.doMain(MavenCli.java:196)
	at org.apache.maven.cli.MavenCli.main(MavenCli.java:141)
	at sun.reflect.NativeMethodAccessorImpl.invoke0(Native Method)
	at sun.reflect.NativeMethodAccessorImpl.invoke(NativeMethodAccessorImpl.java:57)
	at sun.reflect.DelegatingMethodAccessorImpl.invoke(DelegatingMethodAccessorImpl.java:43)
	at java.lang.reflect.Method.invoke(Method.java:601)
	at org.codehaus.plexus.classworlds.launcher.Launcher.launchEnhanced(Launcher.java:290)
	at org.codehaus.plexus.classworlds.launcher.Launcher.launch(Launcher.java:230)
	at org.codehaus.plexus.classworlds.launcher.Launcher.mainWithExitCode(Launcher.java:409)
	at org.codehaus.plexus.classworlds.launcher.Launcher.main(Launcher.java:352)
Caused by: java.lang.ClassNotFoundException: org.apache.log.format.Formatter
	at org.codehaus.plexus.classworlds.strategy.SelfFirstStrategy.loadClass(SelfFirstStrategy.java:50)
	at org.codehaus.plexus.classworlds.realm.ClassRealm.loadClass(ClassRealm.java:244)
	at org.codehaus.plexus.classworlds.realm.ClassRealm.loadClass(ClassRealm.java:230)
	... 36 more
2013-01-18 23:22:52,813 - Trying to use logger class org.apache.velocity.runtime.log.Log4JLogChute
2013-01-18 23:22:52,813 - Using logger class org.apache.velocity.runtime.log.Log4JLogChute
2013-01-18 23:22:52,815 - Default ResourceManager initializing. (class org.apache.velocity.runtime.resource.ResourceManagerImpl)
2013-01-18 23:22:52,816 - ResourceLoader instantiated: org.apache.velocity.runtime.resource.loader.ClasspathResourceLoader
2013-01-18 23:22:52,843 - ResourceCache: initialized (class org.apache.velocity.runtime.resource.ResourceCacheImpl)
2013-01-18 23:22:52,844 - Loaded System Directive: org.apache.velocity.runtime.directive.Literal
2013-01-18 23:22:52,845 - Loaded System Directive: org.apache.velocity.runtime.directive.Macro
2013-01-18 23:22:52,846 - Loaded System Directive: org.apache.velocity.runtime.directive.Parse
2013-01-18 23:22:52,847 - Loaded System Directive: org.apache.velocity.runtime.directive.Include
2013-01-18 23:22:52,847 - Loaded System Directive: org.apache.velocity.runtime.directive.Foreach
2013-01-18 23:22:52,864 - Created '20' parsers.
2013-01-18 23:22:52,869 - Velocimacro : "velocimacro.library" is not set.  Trying default library: VM_global_library.vm
2013-01-18 23:22:52,869 - Velocimacro : Default library not found.
2013-01-18 23:22:52,869 - Velocimacro : allowInline = true : VMs can be defined inline in templates
2013-01-18 23:22:52,869 - Velocimacro : allowInlineToOverride = false : VMs defined inline may NOT replace previous VM definitions
2013-01-18 23:22:52,869 - Velocimacro : allowInlineLocal = false : VMs defined inline will be global in scope if allowed.
2013-01-18 23:22:52,870 - Velocimacro : autoload off : VM system will not automatically reload global library macros
2013-01-18 23:22:52,880 - ResourceManager : found templates/report_frame.vm with loader org.apache.velocity.runtime.resource.loader.ClasspathResourceLoader
