2013-05-21 22:24:08,983 - Log4JLogChute initialized using file 'velocity.log'
2013-05-21 22:24:08,983 - Starting Apache Velocity v1.5 (compiled: 2007-02-22 08:52:29)
2013-05-21 22:24:08,983 - Default Properties File: org/apache/velocity/runtime/defaults/velocity.properties
2013-05-21 22:24:08,983 - Trying to use logger class org.apache.velocity.runtime.log.AvalonLogChute
2013-05-21 22:24:08,984 - Couldn't find class org.apache.velocity.runtime.log.AvalonLogChute or necessary supporting classes in classpath.
java.lang.NoClassDefFoundError: org/apache/log/format/Formatter
	at java.lang.Class.forName0(Native Method)
	at java.lang.Class.forName(Class.java:264)
	at org.apache.velocity.util.ClassUtils.getClass(ClassUtils.java:63)
	at org.apache.velocity.util.ClassUtils.getNewInstance(ClassUtils.java:95)
	at org.apache.velocity.runtime.log.LogManager.createLogChute(LogManager.java:147)
	at org.apache.velocity.runtime.log.LogManager.updateLog(LogManager.java:208)
	at org.apache.velocity.runtime.RuntimeInstance.initializeLog(RuntimeInstance.java:728)
	at org.apache.velocity.runtime.RuntimeInstance.init(RuntimeInstance.java:240)
	at org.apache.velocity.runtime.RuntimeInstance.init(RuntimeInstance.java:534)
	at org.apache.velocity.app.VelocityEngine.init(VelocityEngine.java:144)
	at com.technophobia.substeps.report.DefaultExecutionReportBuilder.renderAndWriteToFile(DefaultExecutionReportBuilder.java:267)
	at com.technophobia.substeps.report.DefaultExecutionReportBuilder.buildMainReport(DefaultExecutionReportBuilder.java:254)
	at com.technophobia.substeps.report.DefaultExecutionReportBuilder.buildReport(DefaultExecutionReportBuilder.java:130)
	at com.technophobia.substeps.runner.SubstepsRunnerMojo.processBuildData(SubstepsRunnerMojo.java:230)
	at com.technophobia.substeps.runner.SubstepsRunnerMojo.execute(SubstepsRunnerMojo.java:157)
	at org.apache.maven.plugin.DefaultBuildPluginManager.executeMojo(DefaultBuildPluginManager.java:101)
	at org.apache.maven.lifecycle.internal.MojoExecutor.execute(MojoExecutor.java:209)
	at org.apache.maven.lifecycle.internal.MojoExecutor.execute(MojoExecutor.java:153)
	at org.apache.maven.lifecycle.internal.MojoExecutor.execute(MojoExecutor.java:145)
	at org.apache.maven.lifecycle.internal.LifecycleModuleBuilder.buildProject(LifecycleModuleBuilder.java:84)
	at org.apache.maven.lifecycle.internal.LifecycleModuleBuilder.buildProject(LifecycleModuleBuilder.java:59)
	at org.apache.maven.lifecycle.internal.LifecycleStarter.singleThreadedBuild(LifecycleStarter.java:183)
	at org.apache.maven.lifecycle.internal.LifecycleStarter.execute(LifecycleStarter.java:161)
	at org.apache.maven.DefaultMaven.doExecute(DefaultMaven.java:320)
	at org.apache.maven.DefaultMaven.execute(DefaultMaven.java:156)
	at org.apache.maven.cli.MavenCli.execute(MavenCli.java:537)
	at org.apache.maven.cli.MavenCli.doMain(MavenCli.java:196)
	at org.apache.maven.cli.MavenCli.main(MavenCli.java:141)
	at sun.reflect.NativeMethodAccessorImpl.invoke0(Native Method)
	at sun.reflect.NativeMethodAccessorImpl.invoke(NativeMethodAccessorImpl.java:57)
	at sun.reflect.DelegatingMethodAccessorImpl.invoke(DelegatingMethodAccessorImpl.java:43)
	at java.lang.reflect.Method.invoke(Method.java:601)
	at org.codehaus.plexus.classworlds.launcher.Launcher.launchEnhanced(Launcher.java:290)
	at org.codehaus.plexus.classworlds.launcher.Launcher.launch(Launcher.java:230)
	at org.codehaus.plexus.classworlds.launcher.Launcher.mainWithExitCode(Launcher.java:409)
	at org.codehaus.plexus.classworlds.launcher.Launcher.main(Launcher.java:352)
Caused by: java.lang.ClassNotFoundException: org.apache.log.format.Formatter
	at org.codehaus.plexus.classworlds.strategy.SelfFirstStrategy.loadClass(SelfFirstStrategy.java:50)
	at org.codehaus.plexus.classworlds.realm.ClassRealm.loadClass(ClassRealm.java:244)
	at org.codehaus.plexus.classworlds.realm.ClassRealm.loadClass(ClassRealm.java:230)
	... 36 more
2013-05-21 22:24:08,985 - Trying to use logger class org.apache.velocity.runtime.log.Log4JLogChute
2013-05-21 22:24:08,985 - Using logger class org.apache.velocity.runtime.log.Log4JLogChute
2013-05-21 22:24:08,986 - Default ResourceManager initializing. (class org.apache.velocity.runtime.resource.ResourceManagerImpl)
2013-05-21 22:24:08,988 - ResourceLoader instantiated: org.apache.velocity.runtime.resource.loader.ClasspathResourceLoader
2013-05-21 22:24:08,999 - ResourceCache: initialized (class org.apache.velocity.runtime.resource.ResourceCacheImpl)
2013-05-21 22:24:09,000 - Loaded System Directive: org.apache.velocity.runtime.directive.Literal
2013-05-21 22:24:09,001 - Loaded System Directive: org.apache.velocity.runtime.directive.Macro
2013-05-21 22:24:09,002 - Loaded System Directive: org.apache.velocity.runtime.directive.Parse
2013-05-21 22:24:09,003 - Loaded System Directive: org.apache.velocity.runtime.directive.Include
2013-05-21 22:24:09,003 - Loaded System Directive: org.apache.velocity.runtime.directive.Foreach
2013-05-21 22:24:09,019 - Created '20' parsers.
2013-05-21 22:24:09,023 - Velocimacro : "velocimacro.library" is not set.  Trying default library: VM_global_library.vm
2013-05-21 22:24:09,024 - Velocimacro : Default library not found.
2013-05-21 22:24:09,024 - Velocimacro : allowInline = true : VMs can be defined inline in templates
2013-05-21 22:24:09,024 - Velocimacro : allowInlineToOverride = false : VMs defined inline may NOT replace previous VM definitions
2013-05-21 22:24:09,024 - Velocimacro : allowInlineLocal = false : VMs defined inline will be global in scope if allowed.
2013-05-21 22:24:09,024 - Velocimacro : autoload off : VM system will not automatically reload global library macros
2013-05-21 22:24:09,034 - ResourceManager : found templates/report_frame.vm with loader org.apache.velocity.runtime.resource.loader.ClasspathResourceLoader
2013-05-21 22:29:43,842 - Log4JLogChute initialized using file 'velocity.log'
2013-05-21 22:29:43,842 - Starting Apache Velocity v1.5 (compiled: 2007-02-22 08:52:29)
2013-05-21 22:29:43,842 - Default Properties File: org/apache/velocity/runtime/defaults/velocity.properties
2013-05-21 22:29:43,842 - Trying to use logger class org.apache.velocity.runtime.log.AvalonLogChute
2013-05-21 22:29:43,843 - Couldn't find class org.apache.velocity.runtime.log.AvalonLogChute or necessary supporting classes in classpath.
java.lang.NoClassDefFoundError: org/apache/log/format/Formatter
	at java.lang.Class.forName0(Native Method)
	at java.lang.Class.forName(Class.java:264)
	at org.apache.velocity.util.ClassUtils.getClass(ClassUtils.java:63)
	at org.apache.velocity.util.ClassUtils.getNewInstance(ClassUtils.java:95)
	at org.apache.velocity.runtime.log.LogManager.createLogChute(LogManager.java:147)
	at org.apache.velocity.runtime.log.LogManager.updateLog(LogManager.java:208)
	at org.apache.velocity.runtime.RuntimeInstance.initializeLog(RuntimeInstance.java:728)
	at org.apache.velocity.runtime.RuntimeInstance.init(RuntimeInstance.java:240)
	at org.apache.velocity.runtime.RuntimeInstance.init(RuntimeInstance.java:534)
	at org.apache.velocity.app.VelocityEngine.init(VelocityEngine.java:144)
	at com.technophobia.substeps.report.DefaultExecutionReportBuilder.renderAndWriteToFile(DefaultExecutionReportBuilder.java:267)
	at com.technophobia.substeps.report.DefaultExecutionReportBuilder.buildMainReport(DefaultExecutionReportBuilder.java:254)
	at com.technophobia.substeps.report.DefaultExecutionReportBuilder.buildReport(DefaultExecutionReportBuilder.java:130)
	at com.technophobia.substeps.runner.SubstepsRunnerMojo.processBuildData(SubstepsRunnerMojo.java:230)
	at com.technophobia.substeps.runner.SubstepsRunnerMojo.execute(SubstepsRunnerMojo.java:157)
	at org.apache.maven.plugin.DefaultBuildPluginManager.executeMojo(DefaultBuildPluginManager.java:101)
	at org.apache.maven.lifecycle.internal.MojoExecutor.execute(MojoExecutor.java:209)
	at org.apache.maven.lifecycle.internal.MojoExecutor.execute(MojoExecutor.java:153)
	at org.apache.maven.lifecycle.internal.MojoExecutor.execute(MojoExecutor.java:145)
	at org.apache.maven.lifecycle.internal.LifecycleModuleBuilder.buildProject(LifecycleModuleBuilder.java:84)
	at org.apache.maven.lifecycle.internal.LifecycleModuleBuilder.buildProject(LifecycleModuleBuilder.java:59)
	at org.apache.maven.lifecycle.internal.LifecycleStarter.singleThreadedBuild(LifecycleStarter.java:183)
	at org.apache.maven.lifecycle.internal.LifecycleStarter.execute(LifecycleStarter.java:161)
	at org.apache.maven.DefaultMaven.doExecute(DefaultMaven.java:320)
	at org.apache.maven.DefaultMaven.execute(DefaultMaven.java:156)
	at org.apache.maven.cli.MavenCli.execute(MavenCli.java:537)
	at org.apache.maven.cli.MavenCli.doMain(MavenCli.java:196)
	at org.apache.maven.cli.MavenCli.main(MavenCli.java:141)
	at sun.reflect.NativeMethodAccessorImpl.invoke0(Native Method)
	at sun.reflect.NativeMethodAccessorImpl.invoke(NativeMethodAccessorImpl.java:57)
	at sun.reflect.DelegatingMethodAccessorImpl.invoke(DelegatingMethodAccessorImpl.java:43)
	at java.lang.reflect.Method.invoke(Method.java:601)
	at org.codehaus.plexus.classworlds.launcher.Launcher.launchEnhanced(Launcher.java:290)
	at org.codehaus.plexus.classworlds.launcher.Launcher.launch(Launcher.java:230)
	at org.codehaus.plexus.classworlds.launcher.Launcher.mainWithExitCode(Launcher.java:409)
	at org.codehaus.plexus.classworlds.launcher.Launcher.main(Launcher.java:352)
Caused by: java.lang.ClassNotFoundException: org.apache.log.format.Formatter
	at org.codehaus.plexus.classworlds.strategy.SelfFirstStrategy.loadClass(SelfFirstStrategy.java:50)
	at org.codehaus.plexus.classworlds.realm.ClassRealm.loadClass(ClassRealm.java:244)
	at org.codehaus.plexus.classworlds.realm.ClassRealm.loadClass(ClassRealm.java:230)
	... 36 more
2013-05-21 22:29:43,844 - Trying to use logger class org.apache.velocity.runtime.log.Log4JLogChute
2013-05-21 22:29:43,844 - Using logger class org.apache.velocity.runtime.log.Log4JLogChute
2013-05-21 22:29:43,846 - Default ResourceManager initializing. (class org.apache.velocity.runtime.resource.ResourceManagerImpl)
2013-05-21 22:29:43,847 - ResourceLoader instantiated: org.apache.velocity.runtime.resource.loader.ClasspathResourceLoader
2013-05-21 22:29:43,856 - ResourceCache: initialized (class org.apache.velocity.runtime.resource.ResourceCacheImpl)
2013-05-21 22:29:43,857 - Loaded System Directive: org.apache.velocity.runtime.directive.Literal
2013-05-21 22:29:43,857 - Loaded System Directive: org.apache.velocity.runtime.directive.Macro
2013-05-21 22:29:43,858 - Loaded System Directive: org.apache.velocity.runtime.directive.Parse
2013-05-21 22:29:43,859 - Loaded System Directive: org.apache.velocity.runtime.directive.Include
2013-05-21 22:29:43,859 - Loaded System Directive: org.apache.velocity.runtime.directive.Foreach
2013-05-21 22:29:43,875 - Created '20' parsers.
2013-05-21 22:29:43,879 - Velocimacro : "velocimacro.library" is not set.  Trying default library: VM_global_library.vm
2013-05-21 22:29:43,880 - Velocimacro : Default library not found.
2013-05-21 22:29:43,880 - Velocimacro : allowInline = true : VMs can be defined inline in templates
2013-05-21 22:29:43,880 - Velocimacro : allowInlineToOverride = false : VMs defined inline may NOT replace previous VM definitions
2013-05-21 22:29:43,880 - Velocimacro : allowInlineLocal = false : VMs defined inline will be global in scope if allowed.
2013-05-21 22:29:43,880 - Velocimacro : autoload off : VM system will not automatically reload global library macros
2013-05-21 22:29:43,891 - ResourceManager : found templates/report_frame.vm with loader org.apache.velocity.runtime.resource.loader.ClasspathResourceLoader
2013-05-21 22:38:47,525 - Log4JLogChute initialized using file 'velocity.log'
2013-05-21 22:38:47,526 - Starting Apache Velocity v1.5 (compiled: 2007-02-22 08:52:29)
2013-05-21 22:38:47,526 - Default Properties File: org/apache/velocity/runtime/defaults/velocity.properties
2013-05-21 22:38:47,526 - Trying to use logger class org.apache.velocity.runtime.log.AvalonLogChute
2013-05-21 22:38:47,526 - Couldn't find class org.apache.velocity.runtime.log.AvalonLogChute or necessary supporting classes in classpath.
java.lang.NoClassDefFoundError: org/apache/log/format/Formatter
	at java.lang.Class.forName0(Native Method)
	at java.lang.Class.forName(Class.java:264)
	at org.apache.velocity.util.ClassUtils.getClass(ClassUtils.java:63)
	at org.apache.velocity.util.ClassUtils.getNewInstance(ClassUtils.java:95)
	at org.apache.velocity.runtime.log.LogManager.createLogChute(LogManager.java:147)
	at org.apache.velocity.runtime.log.LogManager.updateLog(LogManager.java:208)
	at org.apache.velocity.runtime.RuntimeInstance.initializeLog(RuntimeInstance.java:728)
	at org.apache.velocity.runtime.RuntimeInstance.init(RuntimeInstance.java:240)
	at org.apache.velocity.runtime.RuntimeInstance.init(RuntimeInstance.java:534)
	at org.apache.velocity.app.VelocityEngine.init(VelocityEngine.java:144)
	at com.technophobia.substeps.report.DefaultExecutionReportBuilder.renderAndWriteToFile(DefaultExecutionReportBuilder.java:267)
	at com.technophobia.substeps.report.DefaultExecutionReportBuilder.buildMainReport(DefaultExecutionReportBuilder.java:254)
	at com.technophobia.substeps.report.DefaultExecutionReportBuilder.buildReport(DefaultExecutionReportBuilder.java:130)
	at com.technophobia.substeps.runner.SubstepsRunnerMojo.processBuildData(SubstepsRunnerMojo.java:230)
	at com.technophobia.substeps.runner.SubstepsRunnerMojo.execute(SubstepsRunnerMojo.java:157)
	at org.apache.maven.plugin.DefaultBuildPluginManager.executeMojo(DefaultBuildPluginManager.java:101)
	at org.apache.maven.lifecycle.internal.MojoExecutor.execute(MojoExecutor.java:209)
	at org.apache.maven.lifecycle.internal.MojoExecutor.execute(MojoExecutor.java:153)
	at org.apache.maven.lifecycle.internal.MojoExecutor.execute(MojoExecutor.java:145)
	at org.apache.maven.lifecycle.internal.LifecycleModuleBuilder.buildProject(LifecycleModuleBuilder.java:84)
	at org.apache.maven.lifecycle.internal.LifecycleModuleBuilder.buildProject(LifecycleModuleBuilder.java:59)
	at org.apache.maven.lifecycle.internal.LifecycleStarter.singleThreadedBuild(LifecycleStarter.java:183)
	at org.apache.maven.lifecycle.internal.LifecycleStarter.execute(LifecycleStarter.java:161)
	at org.apache.maven.DefaultMaven.doExecute(DefaultMaven.java:320)
	at org.apache.maven.DefaultMaven.execute(DefaultMaven.java:156)
	at org.apache.maven.cli.MavenCli.execute(MavenCli.java:537)
	at org.apache.maven.cli.MavenCli.doMain(MavenCli.java:196)
	at org.apache.maven.cli.MavenCli.main(MavenCli.java:141)
	at sun.reflect.NativeMethodAccessorImpl.invoke0(Native Method)
	at sun.reflect.NativeMethodAccessorImpl.invoke(NativeMethodAccessorImpl.java:57)
	at sun.reflect.DelegatingMethodAccessorImpl.invoke(DelegatingMethodAccessorImpl.java:43)
	at java.lang.reflect.Method.invoke(Method.java:601)
	at org.codehaus.plexus.classworlds.launcher.Launcher.launchEnhanced(Launcher.java:290)
	at org.codehaus.plexus.classworlds.launcher.Launcher.launch(Launcher.java:230)
	at org.codehaus.plexus.classworlds.launcher.Launcher.mainWithExitCode(Launcher.java:409)
	at org.codehaus.plexus.classworlds.launcher.Launcher.main(Launcher.java:352)
Caused by: java.lang.ClassNotFoundException: org.apache.log.format.Formatter
	at org.codehaus.plexus.classworlds.strategy.SelfFirstStrategy.loadClass(SelfFirstStrategy.java:50)
	at org.codehaus.plexus.classworlds.realm.ClassRealm.loadClass(ClassRealm.java:244)
	at org.codehaus.plexus.classworlds.realm.ClassRealm.loadClass(ClassRealm.java:230)
	... 36 more
2013-05-21 22:38:47,527 - Trying to use logger class org.apache.velocity.runtime.log.Log4JLogChute
2013-05-21 22:38:47,527 - Using logger class org.apache.velocity.runtime.log.Log4JLogChute
2013-05-21 22:38:47,529 - Default ResourceManager initializing. (class org.apache.velocity.runtime.resource.ResourceManagerImpl)
2013-05-21 22:38:47,530 - ResourceLoader instantiated: org.apache.velocity.runtime.resource.loader.ClasspathResourceLoader
2013-05-21 22:38:47,538 - ResourceCache: initialized (class org.apache.velocity.runtime.resource.ResourceCacheImpl)
2013-05-21 22:38:47,539 - Loaded System Directive: org.apache.velocity.runtime.directive.Literal
2013-05-21 22:38:47,540 - Loaded System Directive: org.apache.velocity.runtime.directive.Macro
2013-05-21 22:38:47,540 - Loaded System Directive: org.apache.velocity.runtime.directive.Parse
2013-05-21 22:38:47,541 - Loaded System Directive: org.apache.velocity.runtime.directive.Include
2013-05-21 22:38:47,542 - Loaded System Directive: org.apache.velocity.runtime.directive.Foreach
2013-05-21 22:38:47,557 - Created '20' parsers.
2013-05-21 22:38:47,562 - Velocimacro : "velocimacro.library" is not set.  Trying default library: VM_global_library.vm
2013-05-21 22:38:47,562 - Velocimacro : Default library not found.
2013-05-21 22:38:47,563 - Velocimacro : allowInline = true : VMs can be defined inline in templates
2013-05-21 22:38:47,563 - Velocimacro : allowInlineToOverride = false : VMs defined inline may NOT replace previous VM definitions
2013-05-21 22:38:47,563 - Velocimacro : allowInlineLocal = false : VMs defined inline will be global in scope if allowed.
2013-05-21 22:38:47,563 - Velocimacro : autoload off : VM system will not automatically reload global library macros
2013-05-21 22:38:47,573 - ResourceManager : found templates/report_frame.vm with loader org.apache.velocity.runtime.resource.loader.ClasspathResourceLoader
2013-05-21 22:56:39,268 - Log4JLogChute initialized using file 'velocity.log'
2013-05-21 22:56:39,268 - Starting Apache Velocity v1.5 (compiled: 2007-02-22 08:52:29)
2013-05-21 22:56:39,268 - Default Properties File: org/apache/velocity/runtime/defaults/velocity.properties
2013-05-21 22:56:39,268 - Trying to use logger class org.apache.velocity.runtime.log.AvalonLogChute
2013-05-21 22:56:39,269 - Couldn't find class org.apache.velocity.runtime.log.AvalonLogChute or necessary supporting classes in classpath.
java.lang.NoClassDefFoundError: org/apache/log/format/Formatter
	at java.lang.Class.forName0(Native Method)
	at java.lang.Class.forName(Class.java:264)
	at org.apache.velocity.util.ClassUtils.getClass(ClassUtils.java:63)
	at org.apache.velocity.util.ClassUtils.getNewInstance(ClassUtils.java:95)
	at org.apache.velocity.runtime.log.LogManager.createLogChute(LogManager.java:147)
	at org.apache.velocity.runtime.log.LogManager.updateLog(LogManager.java:208)
	at org.apache.velocity.runtime.RuntimeInstance.initializeLog(RuntimeInstance.java:728)
	at org.apache.velocity.runtime.RuntimeInstance.init(RuntimeInstance.java:240)
	at org.apache.velocity.runtime.RuntimeInstance.init(RuntimeInstance.java:534)
	at org.apache.velocity.app.VelocityEngine.init(VelocityEngine.java:144)
	at com.technophobia.substeps.report.DefaultExecutionReportBuilder.renderAndWriteToFile(DefaultExecutionReportBuilder.java:267)
	at com.technophobia.substeps.report.DefaultExecutionReportBuilder.buildMainReport(DefaultExecutionReportBuilder.java:254)
	at com.technophobia.substeps.report.DefaultExecutionReportBuilder.buildReport(DefaultExecutionReportBuilder.java:130)
	at com.technophobia.substeps.runner.SubstepsRunnerMojo.processBuildData(SubstepsRunnerMojo.java:230)
	at com.technophobia.substeps.runner.SubstepsRunnerMojo.execute(SubstepsRunnerMojo.java:157)
	at org.apache.maven.plugin.DefaultBuildPluginManager.executeMojo(DefaultBuildPluginManager.java:101)
	at org.apache.maven.lifecycle.internal.MojoExecutor.execute(MojoExecutor.java:209)
	at org.apache.maven.lifecycle.internal.MojoExecutor.execute(MojoExecutor.java:153)
	at org.apache.maven.lifecycle.internal.MojoExecutor.execute(MojoExecutor.java:145)
	at org.apache.maven.lifecycle.internal.LifecycleModuleBuilder.buildProject(LifecycleModuleBuilder.java:84)
	at org.apache.maven.lifecycle.internal.LifecycleModuleBuilder.buildProject(LifecycleModuleBuilder.java:59)
	at org.apache.maven.lifecycle.internal.LifecycleStarter.singleThreadedBuild(LifecycleStarter.java:183)
	at org.apache.maven.lifecycle.internal.LifecycleStarter.execute(LifecycleStarter.java:161)
	at org.apache.maven.DefaultMaven.doExecute(DefaultMaven.java:320)
	at org.apache.maven.DefaultMaven.execute(DefaultMaven.java:156)
	at org.apache.maven.cli.MavenCli.execute(MavenCli.java:537)
	at org.apache.maven.cli.MavenCli.doMain(MavenCli.java:196)
	at org.apache.maven.cli.MavenCli.main(MavenCli.java:141)
	at sun.reflect.NativeMethodAccessorImpl.invoke0(Native Method)
	at sun.reflect.NativeMethodAccessorImpl.invoke(NativeMethodAccessorImpl.java:57)
	at sun.reflect.DelegatingMethodAccessorImpl.invoke(DelegatingMethodAccessorImpl.java:43)
	at java.lang.reflect.Method.invoke(Method.java:601)
	at org.codehaus.plexus.classworlds.launcher.Launcher.launchEnhanced(Launcher.java:290)
	at org.codehaus.plexus.classworlds.launcher.Launcher.launch(Launcher.java:230)
	at org.codehaus.plexus.classworlds.launcher.Launcher.mainWithExitCode(Launcher.java:409)
	at org.codehaus.plexus.classworlds.launcher.Launcher.main(Launcher.java:352)
Caused by: java.lang.ClassNotFoundException: org.apache.log.format.Formatter
	at org.codehaus.plexus.classworlds.strategy.SelfFirstStrategy.loadClass(SelfFirstStrategy.java:50)
	at org.codehaus.plexus.classworlds.realm.ClassRealm.loadClass(ClassRealm.java:244)
	at org.codehaus.plexus.classworlds.realm.ClassRealm.loadClass(ClassRealm.java:230)
	... 36 more
2013-05-21 22:56:39,270 - Trying to use logger class org.apache.velocity.runtime.log.Log4JLogChute
2013-05-21 22:56:39,270 - Using logger class org.apache.velocity.runtime.log.Log4JLogChute
2013-05-21 22:56:39,272 - Default ResourceManager initializing. (class org.apache.velocity.runtime.resource.ResourceManagerImpl)
2013-05-21 22:56:39,273 - ResourceLoader instantiated: org.apache.velocity.runtime.resource.loader.ClasspathResourceLoader
2013-05-21 22:56:39,281 - ResourceCache: initialized (class org.apache.velocity.runtime.resource.ResourceCacheImpl)
2013-05-21 22:56:39,282 - Loaded System Directive: org.apache.velocity.runtime.directive.Literal
2013-05-21 22:56:39,283 - Loaded System Directive: org.apache.velocity.runtime.directive.Macro
2013-05-21 22:56:39,284 - Loaded System Directive: org.apache.velocity.runtime.directive.Parse
2013-05-21 22:56:39,285 - Loaded System Directive: org.apache.velocity.runtime.directive.Include
2013-05-21 22:56:39,285 - Loaded System Directive: org.apache.velocity.runtime.directive.Foreach
2013-05-21 22:56:39,301 - Created '20' parsers.
2013-05-21 22:56:39,305 - Velocimacro : "velocimacro.library" is not set.  Trying default library: VM_global_library.vm
2013-05-21 22:56:39,306 - Velocimacro : Default library not found.
2013-05-21 22:56:39,306 - Velocimacro : allowInline = true : VMs can be defined inline in templates
2013-05-21 22:56:39,306 - Velocimacro : allowInlineToOverride = false : VMs defined inline may NOT replace previous VM definitions
2013-05-21 22:56:39,306 - Velocimacro : allowInlineLocal = false : VMs defined inline will be global in scope if allowed.
2013-05-21 22:56:39,306 - Velocimacro : autoload off : VM system will not automatically reload global library macros
2013-05-21 22:56:39,316 - ResourceManager : found templates/report_frame.vm with loader org.apache.velocity.runtime.resource.loader.ClasspathResourceLoader
